<?xml version="1.0" encoding="UTF-8"?>
<!-- Generated by org.testng.reporters.JUnitReportReporter -->
<testsuite hostname="DDCBU-syarlagad" name="TestSearch.SearchPactera" tests="1" failures="0" timestamp="9 Mar 2015 13:33:44 GMT" time="7.357" errors="0">
  <testcase name="testSearch" time="7.357" classname="TestSearch.SearchPactera"/>
</testsuite> <!-- TestSearch.SearchPactera -->
